2019-02-25 20:31:15.530 [INFO ] [.dashboard.internal.DashboardService] - Started Dashboard at http://172.19.0.3:8080
2019-02-25 20:31:15.537 [INFO ] [.dashboard.internal.DashboardService] - Started Dashboard at https://172.19.0.3:8443
2019-02-25 20:31:22.291 [INFO ] [thome.model.lsp.internal.ModelServer] - Started Language Server Protocol (LSP) service on port 5007
2019-02-25 20:33:12.475 [INFO ] [.dashboard.internal.DashboardService] - Stopped Dashboard
2019-02-25 20:36:14.501 [INFO ] [thome.model.lsp.internal.ModelServer] - Started Language Server Protocol (LSP) service on port 5007
2019-02-25 20:36:15.568 [INFO ] [.dashboard.internal.DashboardService] - Started Dashboard at http://172.22.0.8:8080
2019-02-25 20:36:15.570 [INFO ] [.dashboard.internal.DashboardService] - Started Dashboard at https://172.22.0.8:8443
2019-02-25 20:39:07.347 [INFO ] [ebuilder.internal.HomeBuilderServlet] - Started Home Builder at /homebuilder
2019-02-25 20:39:07.452 [INFO ] [panel.internal.HABPanelDashboardTile] - Started HABPanel at /habpanel
2019-02-25 20:39:07.957 [INFO ] [arthome.ui.paper.internal.PaperUIApp] - Started Paper UI at /paperui
2019-02-25 20:41:53.164 [WARN ] [el.core.internal.ModelRepositoryImpl] - Configuration model 'default.items' has errors, therefore ignoring it: [2,12]: missing EOF at '.'

2019-02-25 20:41:54.197 [WARN ] [el.core.internal.ModelRepositoryImpl] - Configuration model 'default.items' has errors, therefore ignoring it: [2,12]: missing EOF at '.'

2019-02-25 20:42:15.950 [WARN ] [el.core.internal.ModelRepositoryImpl] - Configuration model 'default.items' has errors, therefore ignoring it: [2,12]: missing EOF at '.'

2019-02-25 20:42:57.387 [WARN ] [el.core.internal.ModelRepositoryImpl] - Configuration model 'default.items' has errors, therefore ignoring it: [2,12]: missing EOF at '.'

2019-02-25 20:43:06.894 [INFO ] [el.core.internal.ModelRepositoryImpl] - Loading model 'default.items'
2019-02-25 20:43:09.366 [INFO ] [el.core.internal.ModelRepositoryImpl] - Refreshing model 'default.items'
2019-02-25 20:44:18.417 [ERROR] [g.dispatch.internal.ConfigDispatcher] - Error storing exclusive PID list in bundle data file: /openhab/userdata/cache/org.eclipse.osgi/100/data/configdispatcher_pid_list.json (Permission denied)
2019-02-25 20:44:18.421 [ERROR] [g.dispatch.internal.ConfigDispatcher] - Error storing exclusive PID list in bundle data file: /openhab/userdata/cache/org.eclipse.osgi/100/data/configdispatcher_pid_list.json (Permission denied)
2019-02-25 20:44:18.423 [ERROR] [g.dispatch.internal.ConfigDispatcher] - Error storing exclusive PID list in bundle data file: /openhab/userdata/cache/org.eclipse.osgi/100/data/configdispatcher_pid_list.json (Permission denied)
2019-02-25 20:44:18.419 [ERROR] [g.dispatch.internal.ConfigDispatcher] - Error storing exclusive PID list in bundle data file: /openhab/userdata/cache/org.eclipse.osgi/100/data/configdispatcher_pid_list.json (Permission denied)
